<?xml version="1.0" encoding="UTF-8"?>
<testsuite xmlns:xsi="http://www.w3.org/2001/XMLSchema-instance" xsi:noNamespaceSchemaLocation="https://maven.apache.org/surefire/maven-surefire-plugin/xsd/surefire-test-report.xsd" version="3.0.2" name="ch.fhnw.timerecordingbackend.service.AbsenceServiceIntegrationTest" time="1.626" tests="8" errors="0" skipped="0" failures="0">
  <properties>
[...]
</properties>
  <testcase name="rejectAbsence_ByAdmin_Success" classname="ch.fhnw.timerecordingbackend.service.AbsenceServiceIntegrationTest" time="0.213">
    <system-out><![CDATA[2025-05-30T20:47:38.142+02:00  INFO 31699 --- [time-recording-backend-test] [           main] t.c.s.AnnotationConfigContextLoaderUtils : Could not detect default configuration classes for test class [ch.fhnw.timerecordingbackend.service.AbsenceServiceIntegrationTest]: AbsenceServiceIntegrationTest does not declare any static, non-private, non-final, nested classes annotated with @Configuration.
2025-05-30T20:47:38.145+02:00  INFO 31699 --- [time-recording-backend-test] [           main] .b.t.c.SpringBootTestContextBootstrapper : Found @SpringBootConfiguration ch.fhnw.timerecordingbackend.TimeRecordingBackendApplication for test class ch.fhnw.timerecordingbackend.service.AbsenceServiceIntegrationTest
Hibernate: 
    select
        r1_0.id,
        r1_0.description,
        r1_0.name 
    from
        roles r1_0 
    where
        r1_0.name=?
Hibernate: 
    select
        r1_0.id,
        r1_0.description,
        r1_0.name 
    from
        roles r1_0 
    where
        r1_0.name=?
Hibernate: 
    select
        r1_0.id,
        r1_0.description,
        r1_0.name 
    from
        roles r1_0 
    where
        r1_0.name=?
Hibernate: 
    select
        u1_0.id,
        u1_0.active,
        u1_0.created_at,
        u1_0.email,
        u1_0.first_name,
        u1_0.last_name,
        u1_0.manager_id,
        u1_0.password,
        u1_0.planned_hours_per_day,
        u1_0.status,
        u1_0.updated_at 
    from
        users u1_0 
    where
        u1_0.email=?
Hibernate: 
    select
        r1_0.id,
        r1_0.description,
        r1_0.name 
    from
        roles r1_0 
    where
        r1_0.name=?
Hibernate: 
    insert 
    into
        users
        (active, created_at, email, first_name, last_name, manager_id, password, planned_hours_per_day, status, updated_at) 
    values
        (?, ?, ?, ?, ?, ?, ?, ?, ?, ?)
Hibernate: 
    select
        u1_0.id,
        u1_0.active,
        u1_0.created_at,
        u1_0.email,
        u1_0.first_name,
        u1_0.last_name,
        u1_0.manager_id,
        u1_0.password,
        u1_0.planned_hours_per_day,
        u1_0.status,
        u1_0.updated_at 
    from
        users u1_0 
    where
        u1_0.email=?
Hibernate: 
    select
        r1_0.id,
        r1_0.description,
        r1_0.name 
    from
        roles r1_0 
    where
        r1_0.name=?
Hibernate: 
    insert 
    into
        users
        (active, created_at, email, first_name, last_name, manager_id, password, planned_hours_per_day, status, updated_at) 
    values
        (?, ?, ?, ?, ?, ?, ?, ?, ?, ?)
Hibernate: 
    select
        u1_0.id,
        u1_0.active,
        u1_0.created_at,
        u1_0.email,
        u1_0.first_name,
        u1_0.last_name,
        u1_0.manager_id,
        u1_0.password,
        u1_0.planned_hours_per_day,
        u1_0.status,
        u1_0.updated_at 
    from
        users u1_0 
    where
        u1_0.email=?
Hibernate: 
    select
        r1_0.id,
        r1_0.description,
        r1_0.name 
    from
        roles r1_0 
    where
        r1_0.name=?
Hibernate: 
    insert 
    into
        users
        (active, created_at, email, first_name, last_name, manager_id, password, planned_hours_per_day, status, updated_at) 
    values
        (?, ?, ?, ?, ?, ?, ?, ?, ?, ?)
Hibernate: 
    update
        users 
    set
        active=?,
        created_at=?,
        email=?,
        first_name=?,
        last_name=?,
        manager_id=?,
        password=?,
        planned_hours_per_day=?,
        status=?,
        updated_at=? 
    where
        id=?
Hibernate: 
    insert 
    into
        user_roles
        (user_id, role_id) 
    values
        (?, ?)
Hibernate: 
    insert 
    into
        user_roles
        (user_id, role_id) 
    values
        (?, ?)
Hibernate: 
    insert 
    into
        user_roles
        (user_id, role_id) 
    values
        (?, ?)
Hibernate: 
    select
        a1_0.id,
        a1_0.approver_id,
        a1_0.created_at,
        a1_0.end_date,
        a1_0.start_date,
        a1_0.status,
        a1_0.type,
        a1_0.updated_at,
        a1_0.user_id 
    from
        absences a1_0 
    where
        a1_0.user_id=?
Hibernate: 
    insert 
    into
        absences
        (approver_id, created_at, end_date, start_date, status, type, updated_at, user_id) 
    values
        (?, ?, ?, ?, ?, ?, ?, ?)
Hibernate: 
    insert 
    into
        system_logs
        (action, details, ip_address, processed_status, target_entity, target_id, timestamp, user_email, user_id) 
    values
        (?, ?, ?, ?, ?, ?, ?, ?, ?)
Hibernate: 
    insert 
    into
        system_logs
        (action, details, ip_address, processed_status, target_entity, target_id, timestamp, user_email, user_id) 
    values
        (?, ?, ?, ?, ?, ?, ?, ?, ?)
]]></system-out>
  </testcase>
  <testcase name="approveAbsence_NotAuthorized_ThrowsAccessDeniedException" classname="ch.fhnw.timerecordingbackend.service.AbsenceServiceIntegrationTest" time="0.255">
    <system-out><![CDATA[Hibernate: 
    select
        r1_0.id,
        r1_0.description,
        r1_0.name 
    from
        roles r1_0 
    where
        r1_0.name=?
Hibernate: 
    select
        r1_0.id,
        r1_0.description,
        r1_0.name 
    from
        roles r1_0 
    where
        r1_0.name=?
Hibernate: 
    select
        r1_0.id,
        r1_0.description,
        r1_0.name 
    from
        roles r1_0 
    where
        r1_0.name=?
Hibernate: 
    select
        u1_0.id,
        u1_0.active,
        u1_0.created_at,
        u1_0.email,
        u1_0.first_name,
        u1_0.last_name,
        u1_0.manager_id,
        u1_0.password,
        u1_0.planned_hours_per_day,
        u1_0.status,
        u1_0.updated_at 
    from
        users u1_0 
    where
        u1_0.email=?
Hibernate: 
    select
        r1_0.id,
        r1_0.description,
        r1_0.name 
    from
        roles r1_0 
    where
        r1_0.name=?
Hibernate: 
    insert 
    into
        users
        (active, created_at, email, first_name, last_name, manager_id, password, planned_hours_per_day, status, updated_at) 
    values
        (?, ?, ?, ?, ?, ?, ?, ?, ?, ?)
Hibernate: 
    select
        u1_0.id,
        u1_0.active,
        u1_0.created_at,
        u1_0.email,
        u1_0.first_name,
        u1_0.last_name,
        u1_0.manager_id,
        u1_0.password,
        u1_0.planned_hours_per_day,
        u1_0.status,
        u1_0.updated_at 
    from
        users u1_0 
    where
        u1_0.email=?
Hibernate: 
    select
        r1_0.id,
        r1_0.description,
        r1_0.name 
    from
        roles r1_0 
    where
        r1_0.name=?
Hibernate: 
    insert 
    into
        users
        (active, created_at, email, first_name, last_name, manager_id, password, planned_hours_per_day, status, updated_at) 
    values
        (?, ?, ?, ?, ?, ?, ?, ?, ?, ?)
Hibernate: 
    select
        u1_0.id,
        u1_0.active,
        u1_0.created_at,
        u1_0.email,
        u1_0.first_name,
        u1_0.last_name,
        u1_0.manager_id,
        u1_0.password,
        u1_0.planned_hours_per_day,
        u1_0.status,
        u1_0.updated_at 
    from
        users u1_0 
    where
        u1_0.email=?
Hibernate: 
    select
        r1_0.id,
        r1_0.description,
        r1_0.name 
    from
        roles r1_0 
    where
        r1_0.name=?
Hibernate: 
    insert 
    into
        users
        (active, created_at, email, first_name, last_name, manager_id, password, planned_hours_per_day, status, updated_at) 
    values
        (?, ?, ?, ?, ?, ?, ?, ?, ?, ?)
Hibernate: 
    update
        users 
    set
        active=?,
        created_at=?,
        email=?,
        first_name=?,
        last_name=?,
        manager_id=?,
        password=?,
        planned_hours_per_day=?,
        status=?,
        updated_at=? 
    where
        id=?
Hibernate: 
    insert 
    into
        user_roles
        (user_id, role_id) 
    values
        (?, ?)
Hibernate: 
    insert 
    into
        user_roles
        (user_id, role_id) 
    values
        (?, ?)
Hibernate: 
    insert 
    into
        user_roles
        (user_id, role_id) 
    values
        (?, ?)
Hibernate: 
    select
        a1_0.id,
        a1_0.approver_id,
        a1_0.created_at,
        a1_0.end_date,
        a1_0.start_date,
        a1_0.status,
        a1_0.type,
        a1_0.updated_at,
        a1_0.user_id 
    from
        absences a1_0 
    where
        a1_0.user_id=?
Hibernate: 
    insert 
    into
        absences
        (approver_id, created_at, end_date, start_date, status, type, updated_at, user_id) 
    values
        (?, ?, ?, ?, ?, ?, ?, ?)
Hibernate: 
    insert 
    into
        system_logs
        (action, details, ip_address, processed_status, target_entity, target_id, timestamp, user_email, user_id) 
    values
        (?, ?, ?, ?, ?, ?, ?, ?, ?)
Hibernate: 
    select
        u1_0.id,
        u1_0.active,
        u1_0.created_at,
        u1_0.email,
        u1_0.first_name,
        u1_0.last_name,
        u1_0.manager_id,
        u1_0.password,
        u1_0.planned_hours_per_day,
        u1_0.status,
        u1_0.updated_at 
    from
        users u1_0 
    where
        u1_0.email=?
Hibernate: 
    select
        r1_0.id,
        r1_0.description,
        r1_0.name 
    from
        roles r1_0 
    where
        r1_0.name=?
Hibernate: 
    insert 
    into
        users
        (active, created_at, email, first_name, last_name, manager_id, password, planned_hours_per_day, status, updated_at) 
    values
        (?, ?, ?, ?, ?, ?, ?, ?, ?, ?)
]]></system-out>
  </testcase>
  <testcase name="approveAbsence_ByDirectManager_Success" classname="ch.fhnw.timerecordingbackend.service.AbsenceServiceIntegrationTest" time="0.194">
    <system-out><![CDATA[Hibernate: 
    select
        r1_0.id,
        r1_0.description,
        r1_0.name 
    from
        roles r1_0 
    where
        r1_0.name=?
Hibernate: 
    select
        r1_0.id,
        r1_0.description,
        r1_0.name 
    from
        roles r1_0 
    where
        r1_0.name=?
Hibernate: 
    select
        r1_0.id,
        r1_0.description,
        r1_0.name 
    from
        roles r1_0 
    where
        r1_0.name=?
Hibernate: 
    select
        u1_0.id,
        u1_0.active,
        u1_0.created_at,
        u1_0.email,
        u1_0.first_name,
        u1_0.last_name,
        u1_0.manager_id,
        u1_0.password,
        u1_0.planned_hours_per_day,
        u1_0.status,
        u1_0.updated_at 
    from
        users u1_0 
    where
        u1_0.email=?
Hibernate: 
    select
        r1_0.id,
        r1_0.description,
        r1_0.name 
    from
        roles r1_0 
    where
        r1_0.name=?
Hibernate: 
    insert 
    into
        users
        (active, created_at, email, first_name, last_name, manager_id, password, planned_hours_per_day, status, updated_at) 
    values
        (?, ?, ?, ?, ?, ?, ?, ?, ?, ?)
Hibernate: 
    select
        u1_0.id,
        u1_0.active,
        u1_0.created_at,
        u1_0.email,
        u1_0.first_name,
        u1_0.last_name,
        u1_0.manager_id,
        u1_0.password,
        u1_0.planned_hours_per_day,
        u1_0.status,
        u1_0.updated_at 
    from
        users u1_0 
    where
        u1_0.email=?
Hibernate: 
    select
        r1_0.id,
        r1_0.description,
        r1_0.name 
    from
        roles r1_0 
    where
        r1_0.name=?
Hibernate: 
    insert 
    into
        users
        (active, created_at, email, first_name, last_name, manager_id, password, planned_hours_per_day, status, updated_at) 
    values
        (?, ?, ?, ?, ?, ?, ?, ?, ?, ?)
Hibernate: 
    select
        u1_0.id,
        u1_0.active,
        u1_0.created_at,
        u1_0.email,
        u1_0.first_name,
        u1_0.last_name,
        u1_0.manager_id,
        u1_0.password,
        u1_0.planned_hours_per_day,
        u1_0.status,
        u1_0.updated_at 
    from
        users u1_0 
    where
        u1_0.email=?
Hibernate: 
    select
        r1_0.id,
        r1_0.description,
        r1_0.name 
    from
        roles r1_0 
    where
        r1_0.name=?
Hibernate: 
    insert 
    into
        users
        (active, created_at, email, first_name, last_name, manager_id, password, planned_hours_per_day, status, updated_at) 
    values
        (?, ?, ?, ?, ?, ?, ?, ?, ?, ?)
Hibernate: 
    update
        users 
    set
        active=?,
        created_at=?,
        email=?,
        first_name=?,
        last_name=?,
        manager_id=?,
        password=?,
        planned_hours_per_day=?,
        status=?,
        updated_at=? 
    where
        id=?
Hibernate: 
    insert 
    into
        user_roles
        (user_id, role_id) 
    values
        (?, ?)
Hibernate: 
    insert 
    into
        user_roles
        (user_id, role_id) 
    values
        (?, ?)
Hibernate: 
    insert 
    into
        user_roles
        (user_id, role_id) 
    values
        (?, ?)
Hibernate: 
    select
        a1_0.id,
        a1_0.approver_id,
        a1_0.created_at,
        a1_0.end_date,
        a1_0.start_date,
        a1_0.status,
        a1_0.type,
        a1_0.updated_at,
        a1_0.user_id 
    from
        absences a1_0 
    where
        a1_0.user_id=?
Hibernate: 
    insert 
    into
        absences
        (approver_id, created_at, end_date, start_date, status, type, updated_at, user_id) 
    values
        (?, ?, ?, ?, ?, ?, ?, ?)
Hibernate: 
    insert 
    into
        system_logs
        (action, details, ip_address, processed_status, target_entity, target_id, timestamp, user_email, user_id) 
    values
        (?, ?, ?, ?, ?, ?, ?, ?, ?)
Hibernate: 
    insert 
    into
        system_logs
        (action, details, ip_address, processed_status, target_entity, target_id, timestamp, user_email, user_id) 
    values
        (?, ?, ?, ?, ?, ?, ?, ?, ?)
]]></system-out>
  </testcase>
  <testcase name="approveAbsence_ByAdmin_Success" classname="ch.fhnw.timerecordingbackend.service.AbsenceServiceIntegrationTest" time="0.194">
    <system-out><![CDATA[Hibernate: 
    select
        r1_0.id,
        r1_0.description,
        r1_0.name 
    from
        roles r1_0 
    where
        r1_0.name=?
Hibernate: 
    select
        r1_0.id,
        r1_0.description,
        r1_0.name 
    from
        roles r1_0 
    where
        r1_0.name=?
Hibernate: 
    select
        r1_0.id,
        r1_0.description,
        r1_0.name 
    from
        roles r1_0 
    where
        r1_0.name=?
Hibernate: 
    select
        u1_0.id,
        u1_0.active,
        u1_0.created_at,
        u1_0.email,
        u1_0.first_name,
        u1_0.last_name,
        u1_0.manager_id,
        u1_0.password,
        u1_0.planned_hours_per_day,
        u1_0.status,
        u1_0.updated_at 
    from
        users u1_0 
    where
        u1_0.email=?
Hibernate: 
    select
        r1_0.id,
        r1_0.description,
        r1_0.name 
    from
        roles r1_0 
    where
        r1_0.name=?
Hibernate: 
    insert 
    into
        users
        (active, created_at, email, first_name, last_name, manager_id, password, planned_hours_per_day, status, updated_at) 
    values
        (?, ?, ?, ?, ?, ?, ?, ?, ?, ?)
Hibernate: 
    select
        u1_0.id,
        u1_0.active,
        u1_0.created_at,
        u1_0.email,
        u1_0.first_name,
        u1_0.last_name,
        u1_0.manager_id,
        u1_0.password,
        u1_0.planned_hours_per_day,
        u1_0.status,
        u1_0.updated_at 
    from
        users u1_0 
    where
        u1_0.email=?
Hibernate: 
    select
        r1_0.id,
        r1_0.description,
        r1_0.name 
    from
        roles r1_0 
    where
        r1_0.name=?
Hibernate: 
    insert 
    into
        users
        (active, created_at, email, first_name, last_name, manager_id, password, planned_hours_per_day, status, updated_at) 
    values
        (?, ?, ?, ?, ?, ?, ?, ?, ?, ?)
Hibernate: 
    select
        u1_0.id,
        u1_0.active,
        u1_0.created_at,
        u1_0.email,
        u1_0.first_name,
        u1_0.last_name,
        u1_0.manager_id,
        u1_0.password,
        u1_0.planned_hours_per_day,
        u1_0.status,
        u1_0.updated_at 
    from
        users u1_0 
    where
        u1_0.email=?
Hibernate: 
    select
        r1_0.id,
        r1_0.description,
        r1_0.name 
    from
        roles r1_0 
    where
        r1_0.name=?
Hibernate: 
    insert 
    into
        users
        (active, created_at, email, first_name, last_name, manager_id, password, planned_hours_per_day, status, updated_at) 
    values
        (?, ?, ?, ?, ?, ?, ?, ?, ?, ?)
Hibernate: 
    update
        users 
    set
        active=?,
        created_at=?,
        email=?,
        first_name=?,
        last_name=?,
        manager_id=?,
        password=?,
        planned_hours_per_day=?,
        status=?,
        updated_at=? 
    where
        id=?
Hibernate: 
    insert 
    into
        user_roles
        (user_id, role_id) 
    values
        (?, ?)
Hibernate: 
    insert 
    into
        user_roles
        (user_id, role_id) 
    values
        (?, ?)
Hibernate: 
    insert 
    into
        user_roles
        (user_id, role_id) 
    values
        (?, ?)
Hibernate: 
    select
        a1_0.id,
        a1_0.approver_id,
        a1_0.created_at,
        a1_0.end_date,
        a1_0.start_date,
        a1_0.status,
        a1_0.type,
        a1_0.updated_at,
        a1_0.user_id 
    from
        absences a1_0 
    where
        a1_0.user_id=?
Hibernate: 
    insert 
    into
        absences
        (approver_id, created_at, end_date, start_date, status, type, updated_at, user_id) 
    values
        (?, ?, ?, ?, ?, ?, ?, ?)
Hibernate: 
    insert 
    into
        system_logs
        (action, details, ip_address, processed_status, target_entity, target_id, timestamp, user_email, user_id) 
    values
        (?, ?, ?, ?, ?, ?, ?, ?, ?)
Hibernate: 
    insert 
    into
        system_logs
        (action, details, ip_address, processed_status, target_entity, target_id, timestamp, user_email, user_id) 
    values
        (?, ?, ?, ?, ?, ?, ?, ?, ?)
]]></system-out>
  </testcase>
  <testcase name="deleteAbsence_Success" classname="ch.fhnw.timerecordingbackend.service.AbsenceServiceIntegrationTest" time="0.195">
    <system-out><![CDATA[Hibernate: 
    select
        r1_0.id,
        r1_0.description,
        r1_0.name 
    from
        roles r1_0 
    where
        r1_0.name=?
Hibernate: 
    select
        r1_0.id,
        r1_0.description,
        r1_0.name 
    from
        roles r1_0 
    where
        r1_0.name=?
Hibernate: 
    select
        r1_0.id,
        r1_0.description,
        r1_0.name 
    from
        roles r1_0 
    where
        r1_0.name=?
Hibernate: 
    select
        u1_0.id,
        u1_0.active,
        u1_0.created_at,
        u1_0.email,
        u1_0.first_name,
        u1_0.last_name,
        u1_0.manager_id,
        u1_0.password,
        u1_0.planned_hours_per_day,
        u1_0.status,
        u1_0.updated_at 
    from
        users u1_0 
    where
        u1_0.email=?
Hibernate: 
    select
        r1_0.id,
        r1_0.description,
        r1_0.name 
    from
        roles r1_0 
    where
        r1_0.name=?
Hibernate: 
    insert 
    into
        users
        (active, created_at, email, first_name, last_name, manager_id, password, planned_hours_per_day, status, updated_at) 
    values
        (?, ?, ?, ?, ?, ?, ?, ?, ?, ?)
Hibernate: 
    select
        u1_0.id,
        u1_0.active,
        u1_0.created_at,
        u1_0.email,
        u1_0.first_name,
        u1_0.last_name,
        u1_0.manager_id,
        u1_0.password,
        u1_0.planned_hours_per_day,
        u1_0.status,
        u1_0.updated_at 
    from
        users u1_0 
    where
        u1_0.email=?
Hibernate: 
    select
        r1_0.id,
        r1_0.description,
        r1_0.name 
    from
        roles r1_0 
    where
        r1_0.name=?
Hibernate: 
    insert 
    into
        users
        (active, created_at, email, first_name, last_name, manager_id, password, planned_hours_per_day, status, updated_at) 
    values
        (?, ?, ?, ?, ?, ?, ?, ?, ?, ?)
Hibernate: 
    select
        u1_0.id,
        u1_0.active,
        u1_0.created_at,
        u1_0.email,
        u1_0.first_name,
        u1_0.last_name,
        u1_0.manager_id,
        u1_0.password,
        u1_0.planned_hours_per_day,
        u1_0.status,
        u1_0.updated_at 
    from
        users u1_0 
    where
        u1_0.email=?
Hibernate: 
    select
        r1_0.id,
        r1_0.description,
        r1_0.name 
    from
        roles r1_0 
    where
        r1_0.name=?
Hibernate: 
    insert 
    into
        users
        (active, created_at, email, first_name, last_name, manager_id, password, planned_hours_per_day, status, updated_at) 
    values
        (?, ?, ?, ?, ?, ?, ?, ?, ?, ?)
Hibernate: 
    update
        users 
    set
        active=?,
        created_at=?,
        email=?,
        first_name=?,
        last_name=?,
        manager_id=?,
        password=?,
        planned_hours_per_day=?,
        status=?,
        updated_at=? 
    where
        id=?
Hibernate: 
    insert 
    into
        user_roles
        (user_id, role_id) 
    values
        (?, ?)
Hibernate: 
    insert 
    into
        user_roles
        (user_id, role_id) 
    values
        (?, ?)
Hibernate: 
    insert 
    into
        user_roles
        (user_id, role_id) 
    values
        (?, ?)
Hibernate: 
    select
        a1_0.id,
        a1_0.approver_id,
        a1_0.created_at,
        a1_0.end_date,
        a1_0.start_date,
        a1_0.status,
        a1_0.type,
        a1_0.updated_at,
        a1_0.user_id 
    from
        absences a1_0 
    where
        a1_0.user_id=?
Hibernate: 
    insert 
    into
        absences
        (approver_id, created_at, end_date, start_date, status, type, updated_at, user_id) 
    values
        (?, ?, ?, ?, ?, ?, ?, ?)
Hibernate: 
    insert 
    into
        system_logs
        (action, details, ip_address, processed_status, target_entity, target_id, timestamp, user_email, user_id) 
    values
        (?, ?, ?, ?, ?, ?, ?, ?, ?)
Hibernate: 
    insert 
    into
        system_logs
        (action, details, ip_address, processed_status, target_entity, target_id, timestamp, user_email, user_id) 
    values
        (?, ?, ?, ?, ?, ?, ?, ?, ?)
]]></system-out>
  </testcase>
  <testcase name="createAbsence_Success" classname="ch.fhnw.timerecordingbackend.service.AbsenceServiceIntegrationTest" time="0.188">
    <system-out><![CDATA[Hibernate: 
    select
        r1_0.id,
        r1_0.description,
        r1_0.name 
    from
        roles r1_0 
    where
        r1_0.name=?
Hibernate: 
    select
        r1_0.id,
        r1_0.description,
        r1_0.name 
    from
        roles r1_0 
    where
        r1_0.name=?
Hibernate: 
    select
        r1_0.id,
        r1_0.description,
        r1_0.name 
    from
        roles r1_0 
    where
        r1_0.name=?
Hibernate: 
    select
        u1_0.id,
        u1_0.active,
        u1_0.created_at,
        u1_0.email,
        u1_0.first_name,
        u1_0.last_name,
        u1_0.manager_id,
        u1_0.password,
        u1_0.planned_hours_per_day,
        u1_0.status,
        u1_0.updated_at 
    from
        users u1_0 
    where
        u1_0.email=?
Hibernate: 
    select
        r1_0.id,
        r1_0.description,
        r1_0.name 
    from
        roles r1_0 
    where
        r1_0.name=?
Hibernate: 
    insert 
    into
        users
        (active, created_at, email, first_name, last_name, manager_id, password, planned_hours_per_day, status, updated_at) 
    values
        (?, ?, ?, ?, ?, ?, ?, ?, ?, ?)
Hibernate: 
    select
        u1_0.id,
        u1_0.active,
        u1_0.created_at,
        u1_0.email,
        u1_0.first_name,
        u1_0.last_name,
        u1_0.manager_id,
        u1_0.password,
        u1_0.planned_hours_per_day,
        u1_0.status,
        u1_0.updated_at 
    from
        users u1_0 
    where
        u1_0.email=?
Hibernate: 
    select
        r1_0.id,
        r1_0.description,
        r1_0.name 
    from
        roles r1_0 
    where
        r1_0.name=?
Hibernate: 
    insert 
    into
        users
        (active, created_at, email, first_name, last_name, manager_id, password, planned_hours_per_day, status, updated_at) 
    values
        (?, ?, ?, ?, ?, ?, ?, ?, ?, ?)
Hibernate: 
    select
        u1_0.id,
        u1_0.active,
        u1_0.created_at,
        u1_0.email,
        u1_0.first_name,
        u1_0.last_name,
        u1_0.manager_id,
        u1_0.password,
        u1_0.planned_hours_per_day,
        u1_0.status,
        u1_0.updated_at 
    from
        users u1_0 
    where
        u1_0.email=?
Hibernate: 
    select
        r1_0.id,
        r1_0.description,
        r1_0.name 
    from
        roles r1_0 
    where
        r1_0.name=?
Hibernate: 
    insert 
    into
        users
        (active, created_at, email, first_name, last_name, manager_id, password, planned_hours_per_day, status, updated_at) 
    values
        (?, ?, ?, ?, ?, ?, ?, ?, ?, ?)
Hibernate: 
    update
        users 
    set
        active=?,
        created_at=?,
        email=?,
        first_name=?,
        last_name=?,
        manager_id=?,
        password=?,
        planned_hours_per_day=?,
        status=?,
        updated_at=? 
    where
        id=?
Hibernate: 
    insert 
    into
        user_roles
        (user_id, role_id) 
    values
        (?, ?)
Hibernate: 
    insert 
    into
        user_roles
        (user_id, role_id) 
    values
        (?, ?)
Hibernate: 
    insert 
    into
        user_roles
        (user_id, role_id) 
    values
        (?, ?)
Hibernate: 
    select
        a1_0.id,
        a1_0.approver_id,
        a1_0.created_at,
        a1_0.end_date,
        a1_0.start_date,
        a1_0.status,
        a1_0.type,
        a1_0.updated_at,
        a1_0.user_id 
    from
        absences a1_0 
    where
        a1_0.user_id=?
Hibernate: 
    insert 
    into
        absences
        (approver_id, created_at, end_date, start_date, status, type, updated_at, user_id) 
    values
        (?, ?, ?, ?, ?, ?, ?, ?)
Hibernate: 
    insert 
    into
        system_logs
        (action, details, ip_address, processed_status, target_entity, target_id, timestamp, user_email, user_id) 
    values
        (?, ?, ?, ?, ?, ?, ?, ?, ?)
]]></system-out>
  </testcase>
  <testcase name="createAbsence_OverlappingDates_ThrowsException" classname="ch.fhnw.timerecordingbackend.service.AbsenceServiceIntegrationTest" time="0.189">
    <system-out><![CDATA[Hibernate: 
    select
        r1_0.id,
        r1_0.description,
        r1_0.name 
    from
        roles r1_0 
    where
        r1_0.name=?
Hibernate: 
    select
        r1_0.id,
        r1_0.description,
        r1_0.name 
    from
        roles r1_0 
    where
        r1_0.name=?
Hibernate: 
    select
        r1_0.id,
        r1_0.description,
        r1_0.name 
    from
        roles r1_0 
    where
        r1_0.name=?
Hibernate: 
    select
        u1_0.id,
        u1_0.active,
        u1_0.created_at,
        u1_0.email,
        u1_0.first_name,
        u1_0.last_name,
        u1_0.manager_id,
        u1_0.password,
        u1_0.planned_hours_per_day,
        u1_0.status,
        u1_0.updated_at 
    from
        users u1_0 
    where
        u1_0.email=?
Hibernate: 
    select
        r1_0.id,
        r1_0.description,
        r1_0.name 
    from
        roles r1_0 
    where
        r1_0.name=?
Hibernate: 
    insert 
    into
        users
        (active, created_at, email, first_name, last_name, manager_id, password, planned_hours_per_day, status, updated_at) 
    values
        (?, ?, ?, ?, ?, ?, ?, ?, ?, ?)
Hibernate: 
    select
        u1_0.id,
        u1_0.active,
        u1_0.created_at,
        u1_0.email,
        u1_0.first_name,
        u1_0.last_name,
        u1_0.manager_id,
        u1_0.password,
        u1_0.planned_hours_per_day,
        u1_0.status,
        u1_0.updated_at 
    from
        users u1_0 
    where
        u1_0.email=?
Hibernate: 
    select
        r1_0.id,
        r1_0.description,
        r1_0.name 
    from
        roles r1_0 
    where
        r1_0.name=?
Hibernate: 
    insert 
    into
        users
        (active, created_at, email, first_name, last_name, manager_id, password, planned_hours_per_day, status, updated_at) 
    values
        (?, ?, ?, ?, ?, ?, ?, ?, ?, ?)
Hibernate: 
    select
        u1_0.id,
        u1_0.active,
        u1_0.created_at,
        u1_0.email,
        u1_0.first_name,
        u1_0.last_name,
        u1_0.manager_id,
        u1_0.password,
        u1_0.planned_hours_per_day,
        u1_0.status,
        u1_0.updated_at 
    from
        users u1_0 
    where
        u1_0.email=?
Hibernate: 
    select
        r1_0.id,
        r1_0.description,
        r1_0.name 
    from
        roles r1_0 
    where
        r1_0.name=?
Hibernate: 
    insert 
    into
        users
        (active, created_at, email, first_name, last_name, manager_id, password, planned_hours_per_day, status, updated_at) 
    values
        (?, ?, ?, ?, ?, ?, ?, ?, ?, ?)
Hibernate: 
    update
        users 
    set
        active=?,
        created_at=?,
        email=?,
        first_name=?,
        last_name=?,
        manager_id=?,
        password=?,
        planned_hours_per_day=?,
        status=?,
        updated_at=? 
    where
        id=?
Hibernate: 
    insert 
    into
        user_roles
        (user_id, role_id) 
    values
        (?, ?)
Hibernate: 
    insert 
    into
        user_roles
        (user_id, role_id) 
    values
        (?, ?)
Hibernate: 
    insert 
    into
        user_roles
        (user_id, role_id) 
    values
        (?, ?)
Hibernate: 
    select
        a1_0.id,
        a1_0.approver_id,
        a1_0.created_at,
        a1_0.end_date,
        a1_0.start_date,
        a1_0.status,
        a1_0.type,
        a1_0.updated_at,
        a1_0.user_id 
    from
        absences a1_0 
    where
        a1_0.user_id=?
Hibernate: 
    insert 
    into
        absences
        (approver_id, created_at, end_date, start_date, status, type, updated_at, user_id) 
    values
        (?, ?, ?, ?, ?, ?, ?, ?)
Hibernate: 
    insert 
    into
        system_logs
        (action, details, ip_address, processed_status, target_entity, target_id, timestamp, user_email, user_id) 
    values
        (?, ?, ?, ?, ?, ?, ?, ?, ?)
Hibernate: 
    select
        a1_0.id,
        a1_0.approver_id,
        a1_0.created_at,
        a1_0.end_date,
        a1_0.start_date,
        a1_0.status,
        a1_0.type,
        a1_0.updated_at,
        a1_0.user_id 
    from
        absences a1_0 
    where
        a1_0.user_id=?
]]></system-out>
  </testcase>
  <testcase name="updateAbsence_Success" classname="ch.fhnw.timerecordingbackend.service.AbsenceServiceIntegrationTest" time="0.191">
    <system-out><![CDATA[Hibernate: 
    select
        r1_0.id,
        r1_0.description,
        r1_0.name 
    from
        roles r1_0 
    where
        r1_0.name=?
Hibernate: 
    select
        r1_0.id,
        r1_0.description,
        r1_0.name 
    from
        roles r1_0 
    where
        r1_0.name=?
Hibernate: 
    select
        r1_0.id,
        r1_0.description,
        r1_0.name 
    from
        roles r1_0 
    where
        r1_0.name=?
Hibernate: 
    select
        u1_0.id,
        u1_0.active,
        u1_0.created_at,
        u1_0.email,
        u1_0.first_name,
        u1_0.last_name,
        u1_0.manager_id,
        u1_0.password,
        u1_0.planned_hours_per_day,
        u1_0.status,
        u1_0.updated_at 
    from
        users u1_0 
    where
        u1_0.email=?
Hibernate: 
    select
        r1_0.id,
        r1_0.description,
        r1_0.name 
    from
        roles r1_0 
    where
        r1_0.name=?
Hibernate: 
    insert 
    into
        users
        (active, created_at, email, first_name, last_name, manager_id, password, planned_hours_per_day, status, updated_at) 
    values
        (?, ?, ?, ?, ?, ?, ?, ?, ?, ?)
Hibernate: 
    select
        u1_0.id,
        u1_0.active,
        u1_0.created_at,
        u1_0.email,
        u1_0.first_name,
        u1_0.last_name,
        u1_0.manager_id,
        u1_0.password,
        u1_0.planned_hours_per_day,
        u1_0.status,
        u1_0.updated_at 
    from
        users u1_0 
    where
        u1_0.email=?
Hibernate: 
    select
        r1_0.id,
        r1_0.description,
        r1_0.name 
    from
        roles r1_0 
    where
        r1_0.name=?
Hibernate: 
    insert 
    into
        users
        (active, created_at, email, first_name, last_name, manager_id, password, planned_hours_per_day, status, updated_at) 
    values
        (?, ?, ?, ?, ?, ?, ?, ?, ?, ?)
Hibernate: 
    select
        u1_0.id,
        u1_0.active,
        u1_0.created_at,
        u1_0.email,
        u1_0.first_name,
        u1_0.last_name,
        u1_0.manager_id,
        u1_0.password,
        u1_0.planned_hours_per_day,
        u1_0.status,
        u1_0.updated_at 
    from
        users u1_0 
    where
        u1_0.email=?
Hibernate: 
    select
        r1_0.id,
        r1_0.description,
        r1_0.name 
    from
        roles r1_0 
    where
        r1_0.name=?
Hibernate: 
    insert 
    into
        users
        (active, created_at, email, first_name, last_name, manager_id, password, planned_hours_per_day, status, updated_at) 
    values
        (?, ?, ?, ?, ?, ?, ?, ?, ?, ?)
Hibernate: 
    update
        users 
    set
        active=?,
        created_at=?,
        email=?,
        first_name=?,
        last_name=?,
        manager_id=?,
        password=?,
        planned_hours_per_day=?,
        status=?,
        updated_at=? 
    where
        id=?
Hibernate: 
    insert 
    into
        user_roles
        (user_id, role_id) 
    values
        (?, ?)
Hibernate: 
    insert 
    into
        user_roles
        (user_id, role_id) 
    values
        (?, ?)
Hibernate: 
    insert 
    into
        user_roles
        (user_id, role_id) 
    values
        (?, ?)
Hibernate: 
    select
        a1_0.id,
        a1_0.approver_id,
        a1_0.created_at,
        a1_0.end_date,
        a1_0.start_date,
        a1_0.status,
        a1_0.type,
        a1_0.updated_at,
        a1_0.user_id 
    from
        absences a1_0 
    where
        a1_0.user_id=?
Hibernate: 
    insert 
    into
        absences
        (approver_id, created_at, end_date, start_date, status, type, updated_at, user_id) 
    values
        (?, ?, ?, ?, ?, ?, ?, ?)
Hibernate: 
    insert 
    into
        system_logs
        (action, details, ip_address, processed_status, target_entity, target_id, timestamp, user_email, user_id) 
    values
        (?, ?, ?, ?, ?, ?, ?, ?, ?)
Hibernate: 
    select
        a1_0.id,
        a1_0.approver_id,
        a1_0.created_at,
        a1_0.end_date,
        a1_0.start_date,
        a1_0.status,
        a1_0.type,
        a1_0.updated_at,
        a1_0.user_id 
    from
        absences a1_0 
    where
        a1_0.user_id=?
Hibernate: 
    insert 
    into
        system_logs
        (action, details, ip_address, processed_status, target_entity, target_id, timestamp, user_email, user_id) 
    values
        (?, ?, ?, ?, ?, ?, ?, ?, ?)
]]></system-out>
  </testcase>
</testsuite>