<?xml version="1.0" encoding="UTF-8"?>
<testsuite xmlns:xsi="http://www.w3.org/2001/XMLSchema-instance" xsi:noNamespaceSchemaLocation="https://maven.apache.org/surefire/maven-surefire-plugin/xsd/surefire-test-report.xsd" version="3.0.2" name="ch.fhnw.timerecordingbackend.service.TimeEntryServiceIntegrationTest" time="0.916" tests="6" errors="0" skipped="0" failures="0">
  <properties>
[...]
</properties>
  <testcase name="stopTimeTracking_Success" classname="ch.fhnw.timerecordingbackend.service.TimeEntryServiceIntegrationTest" time="0.064">
    <system-out><![CDATA[2025-05-30T20:47:39.768+02:00  INFO 31699 --- [time-recording-backend-test] [           main] t.c.s.AnnotationConfigContextLoaderUtils : Could not detect default configuration classes for test class [ch.fhnw.timerecordingbackend.service.TimeEntryServiceIntegrationTest]: TimeEntryServiceIntegrationTest does not declare any static, non-private, non-final, nested classes annotated with @Configuration.
2025-05-30T20:47:39.769+02:00  INFO 31699 --- [time-recording-backend-test] [           main] .b.t.c.SpringBootTestContextBootstrapper : Found @SpringBootConfiguration ch.fhnw.timerecordingbackend.TimeRecordingBackendApplication for test class ch.fhnw.timerecordingbackend.service.TimeEntryServiceIntegrationTest
2025-05-30T20:47:39.770+02:00  INFO 31699 --- [time-recording-backend-test] [           main] o.s.b.d.r.RestartApplicationListener     : Restart disabled due to context in which it is running

  .   ____          _            __ _ _
 /\\ / ___'_ __ _ _(_)_ __  __ _ \ \ \ \
( ( )\___ | '_ | '_| | '_ \/ _` | \ \ \ \
 \\/  ___)| |_)| | | | | || (_| |  ) ) ) )
  '  |____| .__|_| |_|_| |_\__, | / / / /
 =========|_|==============|___/=/_/_/_/

 :: Spring Boot ::                (v3.4.4)

2025-05-30T20:47:39.775+02:00  INFO 31699 --- [time-recording-backend-test] [           main] c.f.t.s.TimeEntryServiceIntegrationTest  : Starting TimeEntryServiceIntegrationTest using Java 21.0.4 with PID 31699 (started by philippdunkel in /Users/philippdunkel/IdeaProjects/backend)
2025-05-30T20:47:39.775+02:00  INFO 31699 --- [time-recording-backend-test] [           main] c.f.t.s.TimeEntryServiceIntegrationTest  : No active profile set, falling back to 1 default profile: "default"
2025-05-30T20:47:39.809+02:00  INFO 31699 --- [time-recording-backend-test] [           main] .s.d.r.c.RepositoryConfigurationDelegate : Bootstrapping Spring Data JPA repositories in DEFAULT mode.
2025-05-30T20:47:39.815+02:00  INFO 31699 --- [time-recording-backend-test] [           main] .s.d.r.c.RepositoryConfigurationDelegate : Finished Spring Data repository scanning in 5 ms. Found 7 JPA repository interfaces.
2025-05-30T20:47:39.862+02:00  INFO 31699 --- [time-recording-backend-test] [           main] o.hibernate.jpa.internal.util.LogHelper  : HHH000204: Processing PersistenceUnitInfo [name: default]
2025-05-30T20:47:39.862+02:00  INFO 31699 --- [time-recording-backend-test] [           main] o.h.c.internal.RegionFactoryInitiator    : HHH000026: Second-level cache disabled
2025-05-30T20:47:39.865+02:00  INFO 31699 --- [time-recording-backend-test] [           main] o.s.o.j.p.SpringPersistenceUnitInfo      : No LoadTimeWeaver setup: ignoring JPA class transformer
2025-05-30T20:47:39.865+02:00  INFO 31699 --- [time-recording-backend-test] [           main] com.zaxxer.hikari.HikariDataSource       : HikariPool-3 - Starting...
2025-05-30T20:47:39.888+02:00  INFO 31699 --- [time-recording-backend-test] [           main] com.zaxxer.hikari.pool.HikariPool        : HikariPool-3 - Added connection org.postgresql.jdbc.PgConnection@654b2ed4
2025-05-30T20:47:39.888+02:00  INFO 31699 --- [time-recording-backend-test] [           main] com.zaxxer.hikari.HikariDataSource       : HikariPool-3 - Start completed.
2025-05-30T20:47:39.890+02:00  WARN 31699 --- [time-recording-backend-test] [           main] org.hibernate.orm.deprecation            : HHH90000025: PostgreSQLDialect does not need to be specified explicitly using 'hibernate.dialect' (remove the property setting and it will be selected by default)
2025-05-30T20:47:39.891+02:00  INFO 31699 --- [time-recording-backend-test] [           main] org.hibernate.orm.connections.pooling    : HHH10001005: Database info:
	Database JDBC URL [Connecting through datasource 'HikariDataSource (HikariPool-3)']
	Database driver: undefined/unknown
	Database version: 15.13
	Autocommit mode: undefined/unknown
	Isolation level: undefined/unknown
	Minimum pool size: undefined/unknown
	Maximum pool size: undefined/unknown
2025-05-30T20:47:39.931+02:00  INFO 31699 --- [time-recording-backend-test] [           main] o.h.e.t.j.p.i.JtaPlatformInitiator       : HHH000489: No JTA platform available (set 'hibernate.transaction.jta.platform' to enable JTA platform integration)
2025-05-30T20:47:40.172+02:00  INFO 31699 --- [time-recording-backend-test] [           main] j.LocalContainerEntityManagerFactoryBean : Initialized JPA EntityManagerFactory for persistence unit 'default'
2025-05-30T20:47:40.224+02:00  INFO 31699 --- [time-recording-backend-test] [           main] r$InitializeUserDetailsManagerConfigurer : Global AuthenticationManager configured with UserDetailsService bean with name userDetailsServiceImpl
2025-05-30T20:47:40.229+02:00  WARN 31699 --- [time-recording-backend-test] [           main] JpaBaseConfiguration$JpaWebConfiguration : spring.jpa.open-in-view is enabled by default. Therefore, database queries may be performed during view rendering. Explicitly configure spring.jpa.open-in-view to disable this warning
2025-05-30T20:47:40.232+02:00  INFO 31699 --- [time-recording-backend-test] [           main] o.s.b.a.w.s.WelcomePageHandlerMapping    : Adding welcome page: class path resource [static/index.html]
2025-05-30T20:47:40.255+02:00 DEBUG 31699 --- [time-recording-backend-test] [           main] o.s.s.web.DefaultSecurityFilterChain     : Will secure any request with filters: DisableEncodeUrlFilter, WebAsyncManagerIntegrationFilter, SecurityContextHolderFilter, HeaderWriterFilter, LogoutFilter, JwtAuthenticationFilter, RequestCacheAwareFilter, SecurityContextHolderAwareRequestFilter, AnonymousAuthenticationFilter, SessionManagementFilter, ExceptionTranslationFilter, AuthorizationFilter
2025-05-30T20:47:40.281+02:00  INFO 31699 --- [time-recording-backend-test] [           main] c.f.t.s.TimeEntryServiceIntegrationTest  : Started TimeEntryServiceIntegrationTest in 0.511 seconds (process running for 10.574)
Hibernate: 
    select
        count(*) 
    from
        users u1_0
Hibernate: 
    select
        u1_0.id,
        u1_0.active,
        u1_0.created_at,
        u1_0.email,
        u1_0.first_name,
        u1_0.last_name,
        u1_0.manager_id,
        u1_0.password,
        u1_0.planned_hours_per_day,
        u1_0.status,
        u1_0.updated_at 
    from
        users u1_0 
    where
        u1_0.email=?
Hibernate: 
    insert 
    into
        users
        (active, created_at, email, first_name, last_name, manager_id, password, planned_hours_per_day, status, updated_at) 
    values
        (?, ?, ?, ?, ?, ?, ?, ?, ?, ?)
Hibernate: 
    select
        p1_0.id,
        p1_0.active,
        p1_0.created_at,
        p1_0.description,
        p1_0.manager_id,
        p1_0.name,
        p1_0.updated_at 
    from
        projects p1_0 
    where
        p1_0.name=?
Hibernate: 
    insert 
    into
        projects
        (active, created_at, description, manager_id, name, updated_at) 
    values
        (?, ?, ?, ?, ?, ?)
Hibernate: 
    insert 
    into
        time_entries
        (actual_hours, created_at, date, difference, planned_hours, project_id, updated_at, user_id) 
    values
        (?, ?, ?, ?, ?, ?, ?, ?)
]]></system-out>
  </testcase>
  <testcase name="createTimeEntry_Success" classname="ch.fhnw.timerecordingbackend.service.TimeEntryServiceIntegrationTest" time="0.065">
    <system-out><![CDATA[Hibernate: 
    select
        u1_0.id,
        u1_0.active,
        u1_0.created_at,
        u1_0.email,
        u1_0.first_name,
        u1_0.last_name,
        u1_0.manager_id,
        u1_0.password,
        u1_0.planned_hours_per_day,
        u1_0.status,
        u1_0.updated_at 
    from
        users u1_0 
    where
        u1_0.email=?
Hibernate: 
    insert 
    into
        users
        (active, created_at, email, first_name, last_name, manager_id, password, planned_hours_per_day, status, updated_at) 
    values
        (?, ?, ?, ?, ?, ?, ?, ?, ?, ?)
Hibernate: 
    select
        p1_0.id,
        p1_0.active,
        p1_0.created_at,
        p1_0.description,
        p1_0.manager_id,
        p1_0.name,
        p1_0.updated_at 
    from
        projects p1_0 
    where
        p1_0.name=?
Hibernate: 
    insert 
    into
        projects
        (active, created_at, description, manager_id, name, updated_at) 
    values
        (?, ?, ?, ?, ?, ?)
Hibernate: 
    select
        te1_0.id,
        te1_0.actual_hours,
        te1_0.created_at,
        te1_0.date,
        te1_0.difference,
        te1_0.planned_hours,
        te1_0.project_id,
        te1_0.updated_at,
        te1_0.user_id 
    from
        time_entries te1_0 
    where
        te1_0.user_id=? 
        and te1_0.date=?
Hibernate: 
    insert 
    into
        time_entries
        (actual_hours, created_at, date, difference, planned_hours, project_id, updated_at, user_id) 
    values
        (?, ?, ?, ?, ?, ?, ?, ?)
]]></system-out>
  </testcase>
  <testcase name="updateTimeEntry_Success" classname="ch.fhnw.timerecordingbackend.service.TimeEntryServiceIntegrationTest" time="0.066">
    <system-out><![CDATA[Hibernate: 
    select
        u1_0.id,
        u1_0.active,
        u1_0.created_at,
        u1_0.email,
        u1_0.first_name,
        u1_0.last_name,
        u1_0.manager_id,
        u1_0.password,
        u1_0.planned_hours_per_day,
        u1_0.status,
        u1_0.updated_at 
    from
        users u1_0 
    where
        u1_0.email=?
Hibernate: 
    insert 
    into
        users
        (active, created_at, email, first_name, last_name, manager_id, password, planned_hours_per_day, status, updated_at) 
    values
        (?, ?, ?, ?, ?, ?, ?, ?, ?, ?)
Hibernate: 
    select
        p1_0.id,
        p1_0.active,
        p1_0.created_at,
        p1_0.description,
        p1_0.manager_id,
        p1_0.name,
        p1_0.updated_at 
    from
        projects p1_0 
    where
        p1_0.name=?
Hibernate: 
    insert 
    into
        projects
        (active, created_at, description, manager_id, name, updated_at) 
    values
        (?, ?, ?, ?, ?, ?)
Hibernate: 
    insert 
    into
        time_entries
        (actual_hours, created_at, date, difference, planned_hours, project_id, updated_at, user_id) 
    values
        (?, ?, ?, ?, ?, ?, ?, ?)
]]></system-out>
  </testcase>
  <testcase name="deleteTimeEntry_Success" classname="ch.fhnw.timerecordingbackend.service.TimeEntryServiceIntegrationTest" time="0.065">
    <system-out><![CDATA[Hibernate: 
    select
        u1_0.id,
        u1_0.active,
        u1_0.created_at,
        u1_0.email,
        u1_0.first_name,
        u1_0.last_name,
        u1_0.manager_id,
        u1_0.password,
        u1_0.planned_hours_per_day,
        u1_0.status,
        u1_0.updated_at 
    from
        users u1_0 
    where
        u1_0.email=?
Hibernate: 
    insert 
    into
        users
        (active, created_at, email, first_name, last_name, manager_id, password, planned_hours_per_day, status, updated_at) 
    values
        (?, ?, ?, ?, ?, ?, ?, ?, ?, ?)
Hibernate: 
    select
        p1_0.id,
        p1_0.active,
        p1_0.created_at,
        p1_0.description,
        p1_0.manager_id,
        p1_0.name,
        p1_0.updated_at 
    from
        projects p1_0 
    where
        p1_0.name=?
Hibernate: 
    insert 
    into
        projects
        (active, created_at, description, manager_id, name, updated_at) 
    values
        (?, ?, ?, ?, ?, ?)
Hibernate: 
    insert 
    into
        time_entries
        (actual_hours, created_at, date, difference, planned_hours, project_id, updated_at, user_id) 
    values
        (?, ?, ?, ?, ?, ?, ?, ?)
]]></system-out>
  </testcase>
  <testcase name="startTimeTracking_Success" classname="ch.fhnw.timerecordingbackend.service.TimeEntryServiceIntegrationTest" time="0.063">
    <system-out><![CDATA[Hibernate: 
    select
        u1_0.id,
        u1_0.active,
        u1_0.created_at,
        u1_0.email,
        u1_0.first_name,
        u1_0.last_name,
        u1_0.manager_id,
        u1_0.password,
        u1_0.planned_hours_per_day,
        u1_0.status,
        u1_0.updated_at 
    from
        users u1_0 
    where
        u1_0.email=?
Hibernate: 
    insert 
    into
        users
        (active, created_at, email, first_name, last_name, manager_id, password, planned_hours_per_day, status, updated_at) 
    values
        (?, ?, ?, ?, ?, ?, ?, ?, ?, ?)
Hibernate: 
    select
        p1_0.id,
        p1_0.active,
        p1_0.created_at,
        p1_0.description,
        p1_0.manager_id,
        p1_0.name,
        p1_0.updated_at 
    from
        projects p1_0 
    where
        p1_0.name=?
Hibernate: 
    insert 
    into
        projects
        (active, created_at, description, manager_id, name, updated_at) 
    values
        (?, ?, ?, ?, ?, ?)
Hibernate: 
    select
        te1_0.id,
        te1_0.actual_hours,
        te1_0.created_at,
        te1_0.date,
        te1_0.difference,
        te1_0.planned_hours,
        te1_0.project_id,
        te1_0.updated_at,
        te1_0.user_id 
    from
        time_entries te1_0 
    where
        te1_0.user_id=? 
        and te1_0.date=?
Hibernate: 
    insert 
    into
        time_entries
        (actual_hours, created_at, date, difference, planned_hours, project_id, updated_at, user_id) 
    values
        (?, ?, ?, ?, ?, ?, ?, ?)
]]></system-out>
  </testcase>
  <testcase name="createTimeEntry_DuplicateEntry_ThrowsException" classname="ch.fhnw.timerecordingbackend.service.TimeEntryServiceIntegrationTest" time="0.074">
    <system-out><![CDATA[Hibernate: 
    select
        u1_0.id,
        u1_0.active,
        u1_0.created_at,
        u1_0.email,
        u1_0.first_name,
        u1_0.last_name,
        u1_0.manager_id,
        u1_0.password,
        u1_0.planned_hours_per_day,
        u1_0.status,
        u1_0.updated_at 
    from
        users u1_0 
    where
        u1_0.email=?
Hibernate: 
    insert 
    into
        users
        (active, created_at, email, first_name, last_name, manager_id, password, planned_hours_per_day, status, updated_at) 
    values
        (?, ?, ?, ?, ?, ?, ?, ?, ?, ?)
Hibernate: 
    select
        p1_0.id,
        p1_0.active,
        p1_0.created_at,
        p1_0.description,
        p1_0.manager_id,
        p1_0.name,
        p1_0.updated_at 
    from
        projects p1_0 
    where
        p1_0.name=?
Hibernate: 
    insert 
    into
        projects
        (active, created_at, description, manager_id, name, updated_at) 
    values
        (?, ?, ?, ?, ?, ?)
Hibernate: 
    insert 
    into
        time_entries
        (actual_hours, created_at, date, difference, planned_hours, project_id, updated_at, user_id) 
    values
        (?, ?, ?, ?, ?, ?, ?, ?)
Hibernate: 
    insert 
    into
        time_entry_end_times
        (time_entry_id, end_time) 
    values
        (?, ?)
Hibernate: 
    insert 
    into
        time_entry_start_times
        (time_entry_id, start_time) 
    values
        (?, ?)
Hibernate: 
    select
        te1_0.id,
        te1_0.actual_hours,
        te1_0.created_at,
        te1_0.date,
        te1_0.difference,
        te1_0.planned_hours,
        te1_0.project_id,
        te1_0.updated_at,
        te1_0.user_id 
    from
        time_entries te1_0 
    where
        te1_0.user_id=? 
        and te1_0.date=?
]]></system-out>
  </testcase>
</testsuite>